<?xml version="1.0" encoding="UTF-8"?>
<!-- Generated by org.testng.reporters.JUnitReportReporter -->
<testsuite hostname="DESKTOP-OVA23FD" failures="0" tests="5" name="NegativeTests" time="11.160" errors="0"
           timestamp="08 Jul 2021 19:49:00 GMT" skipped="0">
    <testcase classname="NegativeTests" name="noBlankTodo" time="5.927"/>
    <testcase classname="NegativeTests" name="duplicateTasks" time="0.702"/>
    <testcase classname="NegativeTests" name="specialCharacters" time="0.132"/>
    <testcase classname="NegativeTests" name="pageRefreshCheck" time="0.266"/>
    <testcase classname="NegativeTests" name="newSession" time="4.133"/>
</testsuite> <!-- NegativeTests -->
