<?xml version="1.0" encoding="UTF-8"?>
<!-- Generated by org.testng.reporters.JUnitReportReporter -->
<testsuite hostname="DESKTOP-OVA23FD" failures="0" tests="8" name="PositiveTests" time="16.760" errors="0"
           timestamp="08 Jul 2021 19:49:00 GMT" skipped="0">
    <testcase classname="PositiveTests" name="verifyTitle" time="1.469"/>
    <testcase classname="PositiveTests" name="firstTaskFirst" time="0.049"/>
    <testcase classname="PositiveTests" name="urlIsWorking" time="0.194"/>
    <testcase classname="PositiveTests" name="addNewTask" time="1.612"/>
    <testcase classname="PositiveTests" name="addMultipleTasks" time="7.293"/>
    <testcase classname="PositiveTests" name="taskInDiffLanguage" time="0.257"/>
    <testcase classname="PositiveTests" name="taskCompleted" time="4.695"/>
    <testcase classname="PositiveTests" name="editTask" time="1.191"/>
</testsuite> <!-- PositiveTests -->
